[
  {
    "line": 1,
    "elements": [
      {
        "BDD_TESTRUN_UUID": "ee0b90fa-a2d5-4d12-bac6-5039e4f414ee",
        "line": 13,
        "name": "Register",
        "description": "",
        "id": "register;register;;2",
        "type": "scenario",
        "keyword": "Scenario Outline",
        "steps": [
          {
            "result": {
              "duration": 5436245200,
              "status": "passed"
            },
            "line": 5,
            "name": "Navigate to altashop homepage",
            "match": {
              "location": "loginsteps.Navigatetoaltashophomepage()"
            },
            "keyword": "Given ",
            "BDD_STEP_UUID": "f3b073c8-7222-44a7-8107-87d071531456"
          },
          {
            "result": {
              "duration": 4055049900,
              "status": "passed"
            },
            "line": 6,
            "name": "User navigate to login page",
            "match": {
              "location": "loginsteps.Usernavigatetologinpage()"
            },
            "keyword": "When ",
            "BDD_STEP_UUID": "16ef9952-bde5-4e0d-a45a-7fcab67e9f1d"
          },
          {
            "result": {
              "duration": 1098761400,
              "status": "passed"
            },
            "line": 7,
            "name": "User open register form",
            "match": {
              "location": "registersteps.Useropenregisterform()"
            },
            "keyword": "And ",
            "BDD_STEP_UUID": "d8f68945-8a95-41e2-b1b0-8516d4ad42ff"
          },
          {
            "result": {
              "error_message": "com.kms.katalon.core.exception.StepFailedException: Unable to set text\r\n\tat com.kms.katalon.core.webui.keyword.internal.WebUIKeywordMain.stepFailed(WebUIKeywordMain.groovy:64)\r\n\tat com.kms.katalon.core.webui.keyword.internal.WebUIKeywordMain.runKeyword(WebUIKeywordMain.groovy:26)\r\n\tat com.kms.katalon.core.webui.keyword.builtin.SetTextKeyword.setText(SetTextKeyword.groovy:66)\r\n\tat com.kms.katalon.core.webui.keyword.builtin.SetTextKeyword.execute(SetTextKeyword.groovy:37)\r\n\tat com.kms.katalon.core.keyword.internal.KeywordExecutor.executeKeywordForPlatform(KeywordExecutor.groovy:74)\r\n\tat com.kms.katalon.core.webui.keyword.WebUiBuiltInKeywords.setText(WebUiBuiltInKeywords.groovy:980)\r\n\tat com.kms.katalon.core.webui.keyword.WebUiBuiltInKeywords$setText$2.call(Unknown Source)\r\n\tat registersteps.UserInputFullnameEmailPassword(registersteps.groovy:63)\r\n\tat ✽.Input new zackweb and zackwebw3w@gmail.com and zack123(C:/Users/Athif/git/MiniprojectWeb/Include/features/Positive/register.feature:8)\r\nCaused by: java.lang.IllegalArgumentException: Object is null\r\n\tat com.kms.katalon.core.helper.KeywordHelper.checkTestObjectParameter(KeywordHelper.java:33)\r\n\tat com.kms.katalon.core.webui.keyword.builtin.SetTextKeyword$_setText_closure1.doCall(SetTextKeyword.groovy:45)\r\n\tat com.kms.katalon.core.webui.keyword.builtin.SetTextKeyword$_setText_closure1.call(SetTextKeyword.groovy)\r\n\tat com.kms.katalon.core.webui.keyword.internal.WebUIKeywordMain.runKeyword(WebUIKeywordMain.groovy:20)\r\n\tat com.kms.katalon.core.webui.keyword.builtin.SetTextKeyword.setText(SetTextKeyword.groovy:66)\r\n\tat com.kms.katalon.core.webui.keyword.builtin.SetTextKeyword.execute(SetTextKeyword.groovy:37)\r\n\tat com.kms.katalon.core.keyword.internal.KeywordExecutor.executeKeywordForPlatform(KeywordExecutor.groovy:74)\r\n\tat com.kms.katalon.core.webui.keyword.WebUiBuiltInKeywords.setText(WebUiBuiltInKeywords.groovy:980)\r\n\tat com.kms.katalon.core.webui.keyword.WebUiBuiltInKeywords$setText$2.call(Unknown Source)\r\n\tat registersteps.UserInputFullnameEmailPassword(registersteps.groovy:63)\r\n\tat cucumber.runtime.Utils$1.call(Utils.java:26)\r\n\tat cucumber.runtime.Timeout.timeout(Timeout.java:16)\r\n\tat cucumber.runtime.Utils.invoke(Utils.java:20)\r\n\tat cucumber.runtime.java.JavaStepDefinition.execute(JavaStepDefinition.java:48)\r\n\tat cucumber.runtime.PickleStepDefinitionMatch.runStep(PickleStepDefinitionMatch.java:50)\r\n\tat cucumber.runner.TestStep.executeStep(TestStep.java:68)\r\n\tat cucumber.runner.TestStep.run(TestStep.java:50)\r\n\tat cucumber.runner.PickleStepTestStep.run(PickleStepTestStep.java:53)\r\n\tat cucumber.runner.TestCase.run(TestCase.java:47)\r\n\tat cucumber.runner.Runner.runPickle(Runner.java:44)\r\n\tat cucumber.runtime.Runtime.runFeature(Runtime.java:120)\r\n\tat cucumber.runtime.Runtime.run(Runtime.java:106)\r\n\tat cucumber.api.cli.Main.run(Main.java:35)\r\n\tat cucumber.api.cli.Main$run.call(Unknown Source)\r\n\tat com.kms.katalon.core.cucumber.keyword.CucumberBuiltinKeywords$_runFeatureFile_closure1.doCall(CucumberBuiltinKeywords.groovy:108)\r\n\tat com.kms.katalon.core.cucumber.keyword.CucumberBuiltinKeywords$_runFeatureFile_closure1.doCall(CucumberBuiltinKeywords.groovy)\r\n\tat com.kms.katalon.core.keyword.internal.KeywordMain.runKeyword(KeywordMain.groovy:74)\r\n\tat com.kms.katalon.core.keyword.internal.KeywordMain.runKeyword(KeywordMain.groovy:68)\r\n\tat com.kms.katalon.core.keyword.internal.KeywordMain$runKeyword.call(Unknown Source)\r\n\tat com.kms.katalon.core.cucumber.keyword.CucumberBuiltinKeywords.runFeatureFile(CucumberBuiltinKeywords.groovy:75)\r\n\tat com.kms.katalon.core.cucumber.keyword.CucumberBuiltinKeywords$runFeatureFile$0.callStatic(Unknown Source)\r\n\tat com.kms.katalon.core.cucumber.keyword.CucumberBuiltinKeywords.runFeatureFile(CucumberBuiltinKeywords.groovy:248)\r\n\tat com.kms.katalon.core.cucumber.keyword.CucumberBuiltinKeywords$runFeatureFile.call(Unknown Source)\r\n\tat Feature File.run(Feature File:22)\r\n\tat com.kms.katalon.core.main.ScriptEngine.run(ScriptEngine.java:194)\r\n\tat com.kms.katalon.core.main.ScriptEngine.runScriptAsRawText(ScriptEngine.java:119)\r\n\tat com.kms.katalon.core.main.TestCaseExecutor.runScript(TestCaseExecutor.java:445)\r\n\tat com.kms.katalon.core.main.TestCaseExecutor.doExecute(TestCaseExecutor.java:436)\r\n\tat com.kms.katalon.core.main.TestCaseExecutor.processExecutionPhase(TestCaseExecutor.java:415)\r\n\tat com.kms.katalon.core.main.TestCaseExecutor.accessMainPhase(TestCaseExecutor.java:407)\r\n\tat com.kms.katalon.core.main.TestCaseExecutor.execute(TestCaseExecutor.java:284)\r\n\tat com.kms.katalon.core.common.CommonExecutor.accessTestCaseMainPhase(CommonExecutor.java:65)\r\n\tat com.kms.katalon.core.main.TestSuiteExecutor.accessTestSuiteMainPhase(TestSuiteExecutor.java:144)\r\n\tat com.kms.katalon.core.main.TestSuiteExecutor.execute(TestSuiteExecutor.java:106)\r\n\tat com.kms.katalon.core.main.TestCaseMain.startTestSuite(TestCaseMain.java:185)\r\n\tat com.kms.katalon.core.main.TestCaseMain$startTestSuite$0.call(Unknown Source)\r\n\tat TempTestSuite1667573248898.run(TempTestSuite1667573248898.groovy:36)\r\n",
              "duration": 2055221900,
              "status": "failed"
            },
            "line": 8,
            "name": "Input new zackweb and zackwebw3w@gmail.com and zack123",
            "match": {
              "arguments": [
                {
                  "val": "zackweb",
                  "offset": 10
                },
                {
                  "val": "zackwebw3w@gmail.com",
                  "offset": 22
                },
                {
                  "val": "zack123",
                  "offset": 47
                }
              ],
              "location": "registersteps.UserInputFullnameEmailPassword(String,String,String)"
            },
            "keyword": "And ",
            "BDD_STEP_UUID": "33d212df-14bb-45ce-9416-d3cb5871566b"
          },
          {
            "result": {
              "status": "skipped"
            },
            "line": 9,
            "name": "Click register button",
            "match": {
              "location": "registersteps.Clickregisterbutton()"
            },
            "keyword": "Then ",
            "BDD_STEP_UUID": "27e4c22c-663e-42ba-a3c1-1438c4082df5"
          }
        ]
      },
      {
        "BDD_TESTRUN_UUID": "01655379-3ead-4b83-896c-18b229d04108",
        "line": 26,
        "name": "Register with empty data",
        "description": "",
        "id": "register;register-with-empty-data;;2",
        "type": "scenario",
        "keyword": "Scenario Outline",
        "steps": [
          {
            "result": {
              "duration": 7264926300,
              "status": "passed"
            },
            "line": 17,
            "name": "Navigate to altashop homepage",
            "match": {
              "location": "loginsteps.Navigatetoaltashophomepage()"
            },
            "keyword": "Given ",
            "BDD_STEP_UUID": "a05da92f-1ac4-4a6e-8514-0be0b21ec7b0"
          },
          {
            "result": {
              "duration": 4897082300,
              "status": "passed"
            },
            "line": 18,
            "name": "User navigate to login page",
            "match": {
              "location": "loginsteps.Usernavigatetologinpage()"
            },
            "keyword": "When ",
            "BDD_STEP_UUID": "c099eb8e-31b4-4d0d-9125-96dfc2650311"
          },
          {
            "result": {
              "duration": 1114594400,
              "status": "passed"
            },
            "line": 19,
            "name": "User open register form",
            "match": {
              "location": "registersteps.Useropenregisterform()"
            },
            "keyword": "And ",
            "BDD_STEP_UUID": "bc8d1ca4-57f5-4587-87c1-a3dfc35402de"
          },
          {
            "result": {
              "error_message": "com.kms.katalon.core.exception.StepFailedException: Unable to set text\r\n\tat com.kms.katalon.core.webui.keyword.internal.WebUIKeywordMain.stepFailed(WebUIKeywordMain.groovy:64)\r\n\tat com.kms.katalon.core.webui.keyword.internal.WebUIKeywordMain.runKeyword(WebUIKeywordMain.groovy:26)\r\n\tat com.kms.katalon.core.webui.keyword.builtin.SetTextKeyword.setText(SetTextKeyword.groovy:66)\r\n\tat com.kms.katalon.core.webui.keyword.builtin.SetTextKeyword.execute(SetTextKeyword.groovy:37)\r\n\tat com.kms.katalon.core.keyword.internal.KeywordExecutor.executeKeywordForPlatform(KeywordExecutor.groovy:74)\r\n\tat com.kms.katalon.core.webui.keyword.WebUiBuiltInKeywords.setText(WebUiBuiltInKeywords.groovy:980)\r\n\tat com.kms.katalon.core.webui.keyword.WebUiBuiltInKeywords$setText$2.call(Unknown Source)\r\n\tat registersteps.UserInputFullnameEmailPassword(registersteps.groovy:63)\r\n\tat ✽.Input new  and zackweb@gmail.com and zack123(C:/Users/Athif/git/MiniprojectWeb/Include/features/Positive/register.feature:20)\r\nCaused by: java.lang.IllegalArgumentException: Object is null\r\n\tat com.kms.katalon.core.helper.KeywordHelper.checkTestObjectParameter(KeywordHelper.java:33)\r\n\tat com.kms.katalon.core.webui.keyword.builtin.SetTextKeyword$_setText_closure1.doCall(SetTextKeyword.groovy:45)\r\n\tat com.kms.katalon.core.webui.keyword.builtin.SetTextKeyword$_setText_closure1.call(SetTextKeyword.groovy)\r\n\tat com.kms.katalon.core.webui.keyword.internal.WebUIKeywordMain.runKeyword(WebUIKeywordMain.groovy:20)\r\n\tat com.kms.katalon.core.webui.keyword.builtin.SetTextKeyword.setText(SetTextKeyword.groovy:66)\r\n\tat com.kms.katalon.core.webui.keyword.builtin.SetTextKeyword.execute(SetTextKeyword.groovy:37)\r\n\tat com.kms.katalon.core.keyword.internal.KeywordExecutor.executeKeywordForPlatform(KeywordExecutor.groovy:74)\r\n\tat com.kms.katalon.core.webui.keyword.WebUiBuiltInKeywords.setText(WebUiBuiltInKeywords.groovy:980)\r\n\tat com.kms.katalon.core.webui.keyword.WebUiBuiltInKeywords$setText$2.call(Unknown Source)\r\n\tat registersteps.UserInputFullnameEmailPassword(registersteps.groovy:63)\r\n\tat cucumber.runtime.Utils$1.call(Utils.java:26)\r\n\tat cucumber.runtime.Timeout.timeout(Timeout.java:16)\r\n\tat cucumber.runtime.Utils.invoke(Utils.java:20)\r\n\tat cucumber.runtime.java.JavaStepDefinition.execute(JavaStepDefinition.java:48)\r\n\tat cucumber.runtime.PickleStepDefinitionMatch.runStep(PickleStepDefinitionMatch.java:50)\r\n\tat cucumber.runner.TestStep.executeStep(TestStep.java:68)\r\n\tat cucumber.runner.TestStep.run(TestStep.java:50)\r\n\tat cucumber.runner.PickleStepTestStep.run(PickleStepTestStep.java:53)\r\n\tat cucumber.runner.TestCase.run(TestCase.java:47)\r\n\tat cucumber.runner.Runner.runPickle(Runner.java:44)\r\n\tat cucumber.runtime.Runtime.runFeature(Runtime.java:120)\r\n\tat cucumber.runtime.Runtime.run(Runtime.java:106)\r\n\tat cucumber.api.cli.Main.run(Main.java:35)\r\n\tat cucumber.api.cli.Main$run.call(Unknown Source)\r\n\tat com.kms.katalon.core.cucumber.keyword.CucumberBuiltinKeywords$_runFeatureFile_closure1.doCall(CucumberBuiltinKeywords.groovy:108)\r\n\tat com.kms.katalon.core.cucumber.keyword.CucumberBuiltinKeywords$_runFeatureFile_closure1.doCall(CucumberBuiltinKeywords.groovy)\r\n\tat com.kms.katalon.core.keyword.internal.KeywordMain.runKeyword(KeywordMain.groovy:74)\r\n\tat com.kms.katalon.core.keyword.internal.KeywordMain.runKeyword(KeywordMain.groovy:68)\r\n\tat com.kms.katalon.core.keyword.internal.KeywordMain$runKeyword.call(Unknown Source)\r\n\tat com.kms.katalon.core.cucumber.keyword.CucumberBuiltinKeywords.runFeatureFile(CucumberBuiltinKeywords.groovy:75)\r\n\tat com.kms.katalon.core.cucumber.keyword.CucumberBuiltinKeywords$runFeatureFile$0.callStatic(Unknown Source)\r\n\tat com.kms.katalon.core.cucumber.keyword.CucumberBuiltinKeywords.runFeatureFile(CucumberBuiltinKeywords.groovy:248)\r\n\tat com.kms.katalon.core.cucumber.keyword.CucumberBuiltinKeywords$runFeatureFile.call(Unknown Source)\r\n\tat Feature File.run(Feature File:22)\r\n\tat com.kms.katalon.core.main.ScriptEngine.run(ScriptEngine.java:194)\r\n\tat com.kms.katalon.core.main.ScriptEngine.runScriptAsRawText(ScriptEngine.java:119)\r\n\tat com.kms.katalon.core.main.TestCaseExecutor.runScript(TestCaseExecutor.java:445)\r\n\tat com.kms.katalon.core.main.TestCaseExecutor.doExecute(TestCaseExecutor.java:436)\r\n\tat com.kms.katalon.core.main.TestCaseExecutor.processExecutionPhase(TestCaseExecutor.java:415)\r\n\tat com.kms.katalon.core.main.TestCaseExecutor.accessMainPhase(TestCaseExecutor.java:407)\r\n\tat com.kms.katalon.core.main.TestCaseExecutor.execute(TestCaseExecutor.java:284)\r\n\tat com.kms.katalon.core.common.CommonExecutor.accessTestCaseMainPhase(CommonExecutor.java:65)\r\n\tat com.kms.katalon.core.main.TestSuiteExecutor.accessTestSuiteMainPhase(TestSuiteExecutor.java:144)\r\n\tat com.kms.katalon.core.main.TestSuiteExecutor.execute(TestSuiteExecutor.java:106)\r\n\tat com.kms.katalon.core.main.TestCaseMain.startTestSuite(TestCaseMain.java:185)\r\n\tat com.kms.katalon.core.main.TestCaseMain$startTestSuite$0.call(Unknown Source)\r\n\tat TempTestSuite1667573248898.run(TempTestSuite1667573248898.groovy:36)\r\n",
              "duration": 1959749200,
              "status": "failed"
            },
            "line": 20,
            "name": "Input new  and zackweb@gmail.com and zack123",
            "match": {
              "arguments": [
                {
                  "val": "",
                  "offset": 10
                },
                {
                  "val": "zackweb@gmail.com",
                  "offset": 15
                },
                {
                  "val": "zack123",
                  "offset": 37
                }
              ],
              "location": "registersteps.UserInputFullnameEmailPassword(String,String,String)"
            },
            "keyword": "And ",
            "BDD_STEP_UUID": "f0f2fb57-e2cf-457c-8b57-9a498c2b4473"
          },
          {
            "result": {
              "status": "skipped"
            },
            "line": 21,
            "name": "User click register button",
            "match": {
              "location": "registersteps.Userclickregisterbutton()"
            },
            "keyword": "And ",
            "BDD_STEP_UUID": "83b371bb-092e-48e3-872d-d1c10feeed3f"
          },
          {
            "result": {
              "status": "skipped"
            },
            "line": 22,
            "name": "Error register message showed",
            "match": {
              "location": "registersteps.Errorregistermessageshowed()"
            },
            "keyword": "Then ",
            "BDD_STEP_UUID": "925f0706-4822-4c96-8651-c683b4ad7aaa"
          }
        ],
        "tags": [
          {
            "name": "@Negative"
          }
        ]
      },
      {
        "BDD_TESTRUN_UUID": "ba683a1d-22f7-4b2e-8f7d-02ef18d6df6f",
        "line": 27,
        "name": "Register with empty data",
        "description": "",
        "id": "register;register-with-empty-data;;3",
        "type": "scenario",
        "keyword": "Scenario Outline",
        "steps": [
          {
            "result": {
              "duration": 6702242800,
              "status": "passed"
            },
            "line": 17,
            "name": "Navigate to altashop homepage",
            "match": {
              "location": "loginsteps.Navigatetoaltashophomepage()"
            },
            "keyword": "Given ",
            "BDD_STEP_UUID": "66a05dcf-72b5-4c4d-b4d9-13882deabaf5"
          },
          {
            "result": {
              "duration": 5396057200,
              "status": "passed"
            },
            "line": 18,
            "name": "User navigate to login page",
            "match": {
              "location": "loginsteps.Usernavigatetologinpage()"
            },
            "keyword": "When ",
            "BDD_STEP_UUID": "a732e8b5-7631-456a-b1b5-cf4542bbaad8"
          },
          {
            "result": {
              "duration": 1102443700,
              "status": "passed"
            },
            "line": 19,
            "name": "User open register form",
            "match": {
              "location": "registersteps.Useropenregisterform()"
            },
            "keyword": "And ",
            "BDD_STEP_UUID": "2fdecbe5-044d-456b-b5f4-b1d843c362ea"
          },
          {
            "result": {
              "error_message": "com.kms.katalon.core.exception.StepFailedException: Unable to set text\r\n\tat com.kms.katalon.core.webui.keyword.internal.WebUIKeywordMain.stepFailed(WebUIKeywordMain.groovy:64)\r\n\tat com.kms.katalon.core.webui.keyword.internal.WebUIKeywordMain.runKeyword(WebUIKeywordMain.groovy:26)\r\n\tat com.kms.katalon.core.webui.keyword.builtin.SetTextKeyword.setText(SetTextKeyword.groovy:66)\r\n\tat com.kms.katalon.core.webui.keyword.builtin.SetTextKeyword.execute(SetTextKeyword.groovy:37)\r\n\tat com.kms.katalon.core.keyword.internal.KeywordExecutor.executeKeywordForPlatform(KeywordExecutor.groovy:74)\r\n\tat com.kms.katalon.core.webui.keyword.WebUiBuiltInKeywords.setText(WebUiBuiltInKeywords.groovy:980)\r\n\tat com.kms.katalon.core.webui.keyword.WebUiBuiltInKeywords$setText$2.call(Unknown Source)\r\n\tat registersteps.UserInputFullnameEmailPassword(registersteps.groovy:63)\r\n\tat ✽.Input new zack and  and zack123(C:/Users/Athif/git/MiniprojectWeb/Include/features/Positive/register.feature:20)\r\nCaused by: java.lang.IllegalArgumentException: Object is null\r\n\tat com.kms.katalon.core.helper.KeywordHelper.checkTestObjectParameter(KeywordHelper.java:33)\r\n\tat com.kms.katalon.core.webui.keyword.builtin.SetTextKeyword$_setText_closure1.doCall(SetTextKeyword.groovy:45)\r\n\tat com.kms.katalon.core.webui.keyword.builtin.SetTextKeyword$_setText_closure1.call(SetTextKeyword.groovy)\r\n\tat com.kms.katalon.core.webui.keyword.internal.WebUIKeywordMain.runKeyword(WebUIKeywordMain.groovy:20)\r\n\tat com.kms.katalon.core.webui.keyword.builtin.SetTextKeyword.setText(SetTextKeyword.groovy:66)\r\n\tat com.kms.katalon.core.webui.keyword.builtin.SetTextKeyword.execute(SetTextKeyword.groovy:37)\r\n\tat com.kms.katalon.core.keyword.internal.KeywordExecutor.executeKeywordForPlatform(KeywordExecutor.groovy:74)\r\n\tat com.kms.katalon.core.webui.keyword.WebUiBuiltInKeywords.setText(WebUiBuiltInKeywords.groovy:980)\r\n\tat com.kms.katalon.core.webui.keyword.WebUiBuiltInKeywords$setText$2.call(Unknown Source)\r\n\tat registersteps.UserInputFullnameEmailPassword(registersteps.groovy:63)\r\n\tat cucumber.runtime.Utils$1.call(Utils.java:26)\r\n\tat cucumber.runtime.Timeout.timeout(Timeout.java:16)\r\n\tat cucumber.runtime.Utils.invoke(Utils.java:20)\r\n\tat cucumber.runtime.java.JavaStepDefinition.execute(JavaStepDefinition.java:48)\r\n\tat cucumber.runtime.PickleStepDefinitionMatch.runStep(PickleStepDefinitionMatch.java:50)\r\n\tat cucumber.runner.TestStep.executeStep(TestStep.java:68)\r\n\tat cucumber.runner.TestStep.run(TestStep.java:50)\r\n\tat cucumber.runner.PickleStepTestStep.run(PickleStepTestStep.java:53)\r\n\tat cucumber.runner.TestCase.run(TestCase.java:47)\r\n\tat cucumber.runner.Runner.runPickle(Runner.java:44)\r\n\tat cucumber.runtime.Runtime.runFeature(Runtime.java:120)\r\n\tat cucumber.runtime.Runtime.run(Runtime.java:106)\r\n\tat cucumber.api.cli.Main.run(Main.java:35)\r\n\tat cucumber.api.cli.Main$run.call(Unknown Source)\r\n\tat com.kms.katalon.core.cucumber.keyword.CucumberBuiltinKeywords$_runFeatureFile_closure1.doCall(CucumberBuiltinKeywords.groovy:108)\r\n\tat com.kms.katalon.core.cucumber.keyword.CucumberBuiltinKeywords$_runFeatureFile_closure1.doCall(CucumberBuiltinKeywords.groovy)\r\n\tat com.kms.katalon.core.keyword.internal.KeywordMain.runKeyword(KeywordMain.groovy:74)\r\n\tat com.kms.katalon.core.keyword.internal.KeywordMain.runKeyword(KeywordMain.groovy:68)\r\n\tat com.kms.katalon.core.keyword.internal.KeywordMain$runKeyword.call(Unknown Source)\r\n\tat com.kms.katalon.core.cucumber.keyword.CucumberBuiltinKeywords.runFeatureFile(CucumberBuiltinKeywords.groovy:75)\r\n\tat com.kms.katalon.core.cucumber.keyword.CucumberBuiltinKeywords$runFeatureFile$0.callStatic(Unknown Source)\r\n\tat com.kms.katalon.core.cucumber.keyword.CucumberBuiltinKeywords.runFeatureFile(CucumberBuiltinKeywords.groovy:248)\r\n\tat com.kms.katalon.core.cucumber.keyword.CucumberBuiltinKeywords$runFeatureFile.call(Unknown Source)\r\n\tat Feature File.run(Feature File:22)\r\n\tat com.kms.katalon.core.main.ScriptEngine.run(ScriptEngine.java:194)\r\n\tat com.kms.katalon.core.main.ScriptEngine.runScriptAsRawText(ScriptEngine.java:119)\r\n\tat com.kms.katalon.core.main.TestCaseExecutor.runScript(TestCaseExecutor.java:445)\r\n\tat com.kms.katalon.core.main.TestCaseExecutor.doExecute(TestCaseExecutor.java:436)\r\n\tat com.kms.katalon.core.main.TestCaseExecutor.processExecutionPhase(TestCaseExecutor.java:415)\r\n\tat com.kms.katalon.core.main.TestCaseExecutor.accessMainPhase(TestCaseExecutor.java:407)\r\n\tat com.kms.katalon.core.main.TestCaseExecutor.execute(TestCaseExecutor.java:284)\r\n\tat com.kms.katalon.core.common.CommonExecutor.accessTestCaseMainPhase(CommonExecutor.java:65)\r\n\tat com.kms.katalon.core.main.TestSuiteExecutor.accessTestSuiteMainPhase(TestSuiteExecutor.java:144)\r\n\tat com.kms.katalon.core.main.TestSuiteExecutor.execute(TestSuiteExecutor.java:106)\r\n\tat com.kms.katalon.core.main.TestCaseMain.startTestSuite(TestCaseMain.java:185)\r\n\tat com.kms.katalon.core.main.TestCaseMain$startTestSuite$0.call(Unknown Source)\r\n\tat TempTestSuite1667573248898.run(TempTestSuite1667573248898.groovy:36)\r\n",
              "duration": 1891152900,
              "status": "failed"
            },
            "line": 20,
            "name": "Input new zack and  and zack123",
            "match": {
              "arguments": [
                {
                  "val": "zack",
                  "offset": 10
                },
                {
                  "val": "",
                  "offset": 19
                },
                {
                  "val": "zack123",
                  "offset": 24
                }
              ],
              "location": "registersteps.UserInputFullnameEmailPassword(String,String,String)"
            },
            "keyword": "And ",
            "BDD_STEP_UUID": "ad7d5357-9f12-4d10-8031-52012b44bdeb"
          },
          {
            "result": {
              "status": "skipped"
            },
            "line": 21,
            "name": "User click register button",
            "match": {
              "location": "registersteps.Userclickregisterbutton()"
            },
            "keyword": "And ",
            "BDD_STEP_UUID": "e7a7f3a3-cb3d-4402-b80f-f8341ceaa314"
          },
          {
            "result": {
              "status": "skipped"
            },
            "line": 22,
            "name": "Error register message showed",
            "match": {
              "location": "registersteps.Errorregistermessageshowed()"
            },
            "keyword": "Then ",
            "BDD_STEP_UUID": "adc43418-3e1d-477a-951c-d6b9c28cb058"
          }
        ],
        "tags": [
          {
            "name": "@Negative"
          }
        ]
      },
      {
        "BDD_TESTRUN_UUID": "d42008a8-378c-4a50-9817-1d07b8d9d78c",
        "line": 28,
        "name": "Register with empty data",
        "description": "",
        "id": "register;register-with-empty-data;;4",
        "type": "scenario",
        "keyword": "Scenario Outline",
        "steps": [
          {
            "result": {
              "duration": 5724812200,
              "status": "passed"
            },
            "line": 17,
            "name": "Navigate to altashop homepage",
            "match": {
              "location": "loginsteps.Navigatetoaltashophomepage()"
            },
            "keyword": "Given ",
            "BDD_STEP_UUID": "9b55582e-d804-402d-9501-6022b0d4b987"
          },
          {
            "result": {
              "duration": 5073228400,
              "status": "passed"
            },
            "line": 18,
            "name": "User navigate to login page",
            "match": {
              "location": "loginsteps.Usernavigatetologinpage()"
            },
            "keyword": "When ",
            "BDD_STEP_UUID": "2cf6f712-4b7c-471b-b810-e706a8da6850"
          },
          {
            "result": {
              "duration": 1101845700,
              "status": "passed"
            },
            "line": 19,
            "name": "User open register form",
            "match": {
              "location": "registersteps.Useropenregisterform()"
            },
            "keyword": "And ",
            "BDD_STEP_UUID": "7081e4f8-61fb-4d3f-8903-ab8627fd3c41"
          },
          {
            "result": {
              "error_message": "com.kms.katalon.core.exception.StepFailedException: Unable to set text\r\n\tat com.kms.katalon.core.webui.keyword.internal.WebUIKeywordMain.stepFailed(WebUIKeywordMain.groovy:64)\r\n\tat com.kms.katalon.core.webui.keyword.internal.WebUIKeywordMain.runKeyword(WebUIKeywordMain.groovy:26)\r\n\tat com.kms.katalon.core.webui.keyword.builtin.SetTextKeyword.setText(SetTextKeyword.groovy:66)\r\n\tat com.kms.katalon.core.webui.keyword.builtin.SetTextKeyword.execute(SetTextKeyword.groovy:37)\r\n\tat com.kms.katalon.core.keyword.internal.KeywordExecutor.executeKeywordForPlatform(KeywordExecutor.groovy:74)\r\n\tat com.kms.katalon.core.webui.keyword.WebUiBuiltInKeywords.setText(WebUiBuiltInKeywords.groovy:980)\r\n\tat com.kms.katalon.core.webui.keyword.WebUiBuiltInKeywords$setText$2.call(Unknown Source)\r\n\tat registersteps.UserInputFullnameEmailPassword(registersteps.groovy:63)\r\n\tat ✽.Input new zack and zackweb@gmail.com and (C:/Users/Athif/git/MiniprojectWeb/Include/features/Positive/register.feature:20)\r\nCaused by: java.lang.IllegalArgumentException: Object is null\r\n\tat com.kms.katalon.core.helper.KeywordHelper.checkTestObjectParameter(KeywordHelper.java:33)\r\n\tat com.kms.katalon.core.webui.keyword.builtin.SetTextKeyword$_setText_closure1.doCall(SetTextKeyword.groovy:45)\r\n\tat com.kms.katalon.core.webui.keyword.builtin.SetTextKeyword$_setText_closure1.call(SetTextKeyword.groovy)\r\n\tat com.kms.katalon.core.webui.keyword.internal.WebUIKeywordMain.runKeyword(WebUIKeywordMain.groovy:20)\r\n\tat com.kms.katalon.core.webui.keyword.builtin.SetTextKeyword.setText(SetTextKeyword.groovy:66)\r\n\tat com.kms.katalon.core.webui.keyword.builtin.SetTextKeyword.execute(SetTextKeyword.groovy:37)\r\n\tat com.kms.katalon.core.keyword.internal.KeywordExecutor.executeKeywordForPlatform(KeywordExecutor.groovy:74)\r\n\tat com.kms.katalon.core.webui.keyword.WebUiBuiltInKeywords.setText(WebUiBuiltInKeywords.groovy:980)\r\n\tat com.kms.katalon.core.webui.keyword.WebUiBuiltInKeywords$setText$2.call(Unknown Source)\r\n\tat registersteps.UserInputFullnameEmailPassword(registersteps.groovy:63)\r\n\tat cucumber.runtime.Utils$1.call(Utils.java:26)\r\n\tat cucumber.runtime.Timeout.timeout(Timeout.java:16)\r\n\tat cucumber.runtime.Utils.invoke(Utils.java:20)\r\n\tat cucumber.runtime.java.JavaStepDefinition.execute(JavaStepDefinition.java:48)\r\n\tat cucumber.runtime.PickleStepDefinitionMatch.runStep(PickleStepDefinitionMatch.java:50)\r\n\tat cucumber.runner.TestStep.executeStep(TestStep.java:68)\r\n\tat cucumber.runner.TestStep.run(TestStep.java:50)\r\n\tat cucumber.runner.PickleStepTestStep.run(PickleStepTestStep.java:53)\r\n\tat cucumber.runner.TestCase.run(TestCase.java:47)\r\n\tat cucumber.runner.Runner.runPickle(Runner.java:44)\r\n\tat cucumber.runtime.Runtime.runFeature(Runtime.java:120)\r\n\tat cucumber.runtime.Runtime.run(Runtime.java:106)\r\n\tat cucumber.api.cli.Main.run(Main.java:35)\r\n\tat cucumber.api.cli.Main$run.call(Unknown Source)\r\n\tat com.kms.katalon.core.cucumber.keyword.CucumberBuiltinKeywords$_runFeatureFile_closure1.doCall(CucumberBuiltinKeywords.groovy:108)\r\n\tat com.kms.katalon.core.cucumber.keyword.CucumberBuiltinKeywords$_runFeatureFile_closure1.doCall(CucumberBuiltinKeywords.groovy)\r\n\tat com.kms.katalon.core.keyword.internal.KeywordMain.runKeyword(KeywordMain.groovy:74)\r\n\tat com.kms.katalon.core.keyword.internal.KeywordMain.runKeyword(KeywordMain.groovy:68)\r\n\tat com.kms.katalon.core.keyword.internal.KeywordMain$runKeyword.call(Unknown Source)\r\n\tat com.kms.katalon.core.cucumber.keyword.CucumberBuiltinKeywords.runFeatureFile(CucumberBuiltinKeywords.groovy:75)\r\n\tat com.kms.katalon.core.cucumber.keyword.CucumberBuiltinKeywords$runFeatureFile$0.callStatic(Unknown Source)\r\n\tat com.kms.katalon.core.cucumber.keyword.CucumberBuiltinKeywords.runFeatureFile(CucumberBuiltinKeywords.groovy:248)\r\n\tat com.kms.katalon.core.cucumber.keyword.CucumberBuiltinKeywords$runFeatureFile.call(Unknown Source)\r\n\tat Feature File.run(Feature File:22)\r\n\tat com.kms.katalon.core.main.ScriptEngine.run(ScriptEngine.java:194)\r\n\tat com.kms.katalon.core.main.ScriptEngine.runScriptAsRawText(ScriptEngine.java:119)\r\n\tat com.kms.katalon.core.main.TestCaseExecutor.runScript(TestCaseExecutor.java:445)\r\n\tat com.kms.katalon.core.main.TestCaseExecutor.doExecute(TestCaseExecutor.java:436)\r\n\tat com.kms.katalon.core.main.TestCaseExecutor.processExecutionPhase(TestCaseExecutor.java:415)\r\n\tat com.kms.katalon.core.main.TestCaseExecutor.accessMainPhase(TestCaseExecutor.java:407)\r\n\tat com.kms.katalon.core.main.TestCaseExecutor.execute(TestCaseExecutor.java:284)\r\n\tat com.kms.katalon.core.common.CommonExecutor.accessTestCaseMainPhase(CommonExecutor.java:65)\r\n\tat com.kms.katalon.core.main.TestSuiteExecutor.accessTestSuiteMainPhase(TestSuiteExecutor.java:144)\r\n\tat com.kms.katalon.core.main.TestSuiteExecutor.execute(TestSuiteExecutor.java:106)\r\n\tat com.kms.katalon.core.main.TestCaseMain.startTestSuite(TestCaseMain.java:185)\r\n\tat com.kms.katalon.core.main.TestCaseMain$startTestSuite$0.call(Unknown Source)\r\n\tat TempTestSuite1667573248898.run(TempTestSuite1667573248898.groovy:36)\r\n",
              "duration": 2028246400,
              "status": "failed"
            },
            "line": 20,
            "name": "Input new zack and zackweb@gmail.com and ",
            "match": {
              "arguments": [
                {
                  "val": "zack",
                  "offset": 10
                },
                {
                  "val": "zackweb@gmail.com",
                  "offset": 19
                },
                {
                  "val": "",
                  "offset": 41
                }
              ],
              "location": "registersteps.UserInputFullnameEmailPassword(String,String,String)"
            },
            "keyword": "And ",
            "BDD_STEP_UUID": "a3a9c9df-dccc-4f19-8ebc-94607968d634"
          },
          {
            "result": {
              "status": "skipped"
            },
            "line": 21,
            "name": "User click register button",
            "match": {
              "location": "registersteps.Userclickregisterbutton()"
            },
            "keyword": "And ",
            "BDD_STEP_UUID": "a533380e-decd-4590-a7ba-7a836bf01ac8"
          },
          {
            "result": {
              "status": "skipped"
            },
            "line": 22,
            "name": "Error register message showed",
            "match": {
              "location": "registersteps.Errorregistermessageshowed()"
            },
            "keyword": "Then ",
            "BDD_STEP_UUID": "92dc6076-3dc3-42f7-bf88-d41af8b5581c"
          }
        ],
        "tags": [
          {
            "name": "@Negative"
          }
        ]
      }
    ],
    "name": "Register",
    "description": "As a new user i want to register an account first",
    "id": "register",
    "keyword": "Feature",
    "uri": "C:/Users/Athif/git/MiniprojectWeb/Include/features/Positive/register.feature",
    "tags": []
  }
]